2022-09-06 18:16:26  [Redipae] (main:) Chrome is Opened
2022-09-06 18:24:15  [Redipae] (main:) Chrome is Opened
2022-09-06 18:59:58  [Redipae] (main:) Chrome is Opened
2022-09-06 19:18:50  [Redipae] (main:) Chrome is Opened
2022-09-06 19:24:57  [Redipae] (main:) Chrome is Opened
2022-09-06 19:27:18  [Redipae] (main:) Chrome is Opened
2022-09-06 19:53:46  [Redipae] (main:) Chrome is Opened
2022-09-06 19:56:11  [Redipae] (main:) Chrome is Opened
2022-09-06 19:58:32  [Redipae] (main:) Chrome is Opened
2022-09-06 20:04:28  [Redipae] (main:) Chrome is Opened
2022-09-06 20:05:11  [Redipae] (main:) Chrome is Opened
2022-09-07 10:44:33  [Redipae] (main:) Chrome is Opened
2022-09-07 11:03:12  [Redipae] (main:) Chrome is Opened
2022-09-07 11:03:29  [Redipae] (main:) Chrome is Opened
2022-09-07 11:03:49  [Redipae] (main:) Chrome is Opened
2022-09-07 12:15:55  [Redipae] (main:) Chrome is Opened
2022-09-07 16:42:11  [Redipae] (main:) Chrome is Opened
2022-09-07 18:20:59  [Redipae] (main:) Chrome is Opened
2022-09-08 17:46:17  [Redipae] (main:) Chrome is Opened
2022-09-08 17:47:52  [Redipae] (main:) Chrome is Opened
2022-09-08 17:49:35  [Redipae] (main:) Chrome is Opened
2022-09-08 17:52:43  [Redipae] (main:) Chrome is Opened
2022-09-08 17:53:12  [Redipae] (main:) Chrome is Opened
2022-09-08 18:04:04  [Redipae] (main:) Chrome is Opened
2022-09-08 18:08:49  [Redipae] (main:) Chrome is Opened
2022-09-08 18:15:53  [Redipae] (main:) Chrome is Opened
2022-09-08 18:17:07  [Redipae] (main:) Chrome is Opened
2022-09-08 18:27:14  [Redipae] (main:) Chrome is Opened
2022-09-08 18:29:21  [Redipae] (main:) Chrome is Opened
2022-09-10 16:13:20  [Redipae] (main:) Chrome is Opened
2022-09-12 12:09:12  [Redipae] (main:) Chrome is Opened
2022-09-12 12:31:50  [Redipae] (main:) Chrome is Opened
2022-09-13 10:33:38  [Redipae] (main:) Chrome is Opened
2022-09-13 10:34:20  [Redipae] (main:) Chrome is Opened
2022-09-16 10:32:40  [Redipae] (main:) Chrome is Opened
2022-09-16 10:33:26  [Redipae] (main:) Chrome is Opened
2022-09-16 17:59:54  [Redipae] (main:) Chrome is Opened
2022-09-16 18:01:49  [Redipae] (main:) Chrome is Opened
2022-09-16 18:02:51  [Redipae] (main:) Chrome is Opened
2022-09-16 18:08:29  [Redipae] (main:) Chrome is Opened
2022-09-16 18:09:22  [Redipae] (main:) Chrome is Opened
2022-09-16 18:10:54  [Redipae] (main:) Chrome is Opened
2022-09-16 18:32:39  [Redipae] (main:) Chrome is Opened
2022-09-16 18:38:28  [Redipae] (main:) Chrome is Opened
2022-09-16 18:39:32  [Redipae] (main:) Chrome is Opened
2022-09-18 12:00:59  [Redipae] (main:) Chrome is Opened
2022-09-18 12:02:00  [Redipae] (main:) Chrome is Opened
2022-09-18 12:06:57  [Redipae] (main:) Chrome is Opened
2022-09-18 12:08:20  [Redipae] (main:) Chrome is Opened
2022-09-29 13:31:07  [Redipae] (main:) Chrome is Opened
2022-09-29 15:14:19  [Redipae] (main:) Chrome is Opened
2022-09-29 16:04:59  [Redipae] (main:) Chrome is Opened
2022-09-29 16:08:37  [Redipae] (main:) Chrome is Opened
2022-09-29 16:10:21  [Redipae] (main:) Chrome is Opened
2022-09-29 16:16:06  [Redipae] (main:) Chrome is Opened
2022-09-29 16:18:47  [Redipae] (main:) Chrome is Opened
2022-09-29 16:19:38  [Redipae] (main:) Chrome is Opened
2022-09-29 16:23:53  [Redipae] (main:) Chrome is Opened
2022-09-29 16:52:57  [Redipae] (main:) Chrome is Opened
2022-09-30 10:23:10  [Redipae] (main:) Chrome is Opened
2022-09-30 10:46:29  [Redipae] (main:) Chrome is Opened
2022-09-30 10:48:00  [Redipae] (main:) Chrome is Opened
2022-09-30 13:31:46  [Redipae] (main:) Chrome is Opened
2022-09-30 14:34:24  [Redipae] (main:) Chrome is Opened
2022-09-30 19:19:42  [Redipae] (main:) Chrome is Opened
2022-10-02 16:20:21  [Redipae] (main:) Chrome is Opened
2022-10-05 11:25:55  [Redipae] (main:) Chrome is Opened
2022-10-05 11:35:25  [Redipae] (main:) Chrome is Opened
2022-10-10 11:10:31  [Redipae] (main:) Chrome is Opened
2022-10-10 11:20:41  [Redipae] (main:) Chrome is Opened
2022-10-10 12:34:52  [Redipae] (main:) Chrome is Opened
2022-10-10 12:45:24  [Redipae] (main:) Chrome is Opened
2022-10-10 12:46:58  [Redipae] (main:) Chrome is Opened
2022-10-10 12:50:28  [Redipae] (main:) Chrome is Opened
2022-10-10 13:03:25  [Redipae] (main:) Chrome is Opened
2022-10-10 13:06:23  [Redipae] (main:) Chrome is Opened
2022-10-10 13:52:13  [Redipae] (main:) Chrome is Opened
2022-10-10 15:54:58  [Redipae] (main:) Chrome is Opened
2022-10-10 15:56:34  [Redipae] (main:) Chrome is Opened
2022-10-10 16:08:32  [Redipae] (main:) Chrome is Opened
2022-10-10 16:10:47  [Redipae] (main:) Chrome is Opened
2022-10-10 16:21:03  [Redipae] (main:) Chrome is Opened
2022-10-10 16:21:45  [Redipae] (main:) Chrome is Opened
2022-10-10 16:28:09  [Redipae] (main:) Chrome is Opened
2022-10-10 16:31:36  [Redipae] (main:) Chrome is Opened
2022-10-10 16:40:38  [Redipae] (main:) Chrome is Opened
2022-10-10 16:41:38  [Redipae] (main:) Chrome is Opened
2022-10-10 16:52:48  [Redipae] (main:) Chrome is Opened
2022-10-10 16:55:21  [Redipae] (main:) Chrome is Opened
2022-10-10 16:56:08  [Redipae] (main:) Chrome is Opened
2022-10-10 16:58:00  [Redipae] (main:) Chrome is Opened
2022-10-10 17:12:54  [Redipae] (main:) Chrome is Opened
2022-10-10 17:18:05  [Redipae] (main:) Chrome is Opened
2022-10-10 17:18:29  [Redipae] (main:) Chrome is Opened
2022-10-10 17:20:51  [Redipae] (main:) Chrome is Opened
2022-10-10 17:22:25  [Redipae] (main:) Chrome is Opened
2022-10-10 17:23:07  [Redipae] (main:) Chrome is Opened
2022-10-10 17:31:41  [Redipae] (main:) Chrome is Opened
2022-10-10 17:33:17  [Redipae] (main:) Chrome is Opened
2022-10-10 17:33:45  [Redipae] (main:) Chrome is Opened
2022-10-10 17:58:09  [Redipae] (main:) Chrome is Opened
2022-10-10 18:01:57  [Redipae] (main:) Chrome is Opened
2022-10-10 18:03:02  [Redipae] (main:) Chrome is Opened
2022-10-10 18:03:53  [Redipae] (main:) Chrome is Opened
2022-10-10 18:15:51  [Redipae] (main:) Chrome is Opened
2022-10-10 18:37:29  [Redipae] (main:) Chrome is Opened
2022-10-10 18:38:02  [Redipae] (main:) Chrome is Opened
2022-10-10 18:52:04  [Redipae] (main:) Chrome is Opened
2022-10-10 18:57:37  [Redipae] (main:) Chrome is Opened
2022-10-10 19:19:50  [Redipae] (main:) Chrome is Opened
2022-10-10 19:21:06  [Redipae] (main:) Chrome is Opened
2022-10-10 19:48:35  [Redipae] (main:) Chrome is Opened
2022-10-11 17:29:31  [Redipae] (main:) Chrome is Opened
2022-10-11 17:29:48  [Redipae] (main:) Chrome is Opened
2022-10-11 17:37:52  [Redipae] (main:) Chrome is Opened
2022-10-12 10:53:29  [Redipae] (main:) Chrome is Opened
2022-10-12 11:05:55  [Redipae] (main:) Chrome is Opened
2022-10-12 11:20:30  [Redipae] (main:) Chrome is Opened
2022-10-12 11:21:35  [Redipae] (main:) Chrome is Opened
2022-10-12 11:24:06  [Redipae] (main:) Chrome is Opened
2022-10-12 11:25:29  [Redipae] (main:) Chrome is Opened
2022-10-12 11:26:53  [Redipae] (main:) Chrome is Opened
2022-10-12 11:31:59  [Redipae] (main:) Chrome is Opened
2022-10-12 11:35:10  [Redipae] (main:) Chrome is Opened
2022-10-12 12:41:04  [Redipae] (main:) Chrome is Opened
2022-10-12 12:43:31  [Redipae] (main:) Chrome is Opened
2022-10-12 12:45:22  [Redipae] (main:) Chrome is Opened
2022-10-12 12:46:23  [Redipae] (main:) Chrome is Opened
2022-10-12 12:50:20  [Redipae] (main:) Chrome is Opened
2022-10-12 12:59:53  [Redipae] (main:) Chrome is Opened
2022-10-12 13:01:31  [Redipae] (main:) Chrome is Opened
2022-10-12 13:21:00  [Redipae] (main:) Chrome is Opened
2022-10-12 14:41:20  [Redipae] (main:) Chrome is Opened
2022-10-12 14:53:13  [Redipae] (main:) Chrome is Opened
2022-10-12 14:57:08  [Redipae] (main:) Chrome is Opened
2022-10-12 14:58:03  [Redipae] (main:) Chrome is Opened
2022-10-12 15:01:34  [Redipae] (main:) Chrome is Opened
2022-10-12 15:03:12  [Redipae] (main:) Chrome is Opened
2022-10-12 15:03:36  [Redipae] (main:) Chrome is Opened
2022-10-12 15:09:09  [Redipae] (main:) Chrome is Opened
2022-10-12 15:09:36  [Redipae] (main:) Chrome is Opened
2022-10-12 15:11:21  [Redipae] (main:) Chrome is Opened
2022-10-12 15:12:30  [Redipae] (main:) Chrome is Opened
2022-10-12 15:13:36  [Redipae] (main:) Chrome is Opened
2022-10-12 15:21:31  [Redipae] (main:) Chrome is Opened
2022-10-12 15:26:25  [Redipae] (main:) Chrome is Opened
2022-10-12 15:26:48  [Redipae] (main:) Chrome is Opened
2022-10-12 15:27:40  [Redipae] (main:) Chrome is Opened
2022-10-12 15:30:01  [Redipae] (main:) Chrome is Opened
2022-10-12 15:30:47  [Redipae] (main:) Chrome is Opened
2022-10-12 15:31:41  [Redipae] (main:) Chrome is Opened
2022-10-12 15:32:43  [Redipae] (main:) Chrome is Opened
2022-10-12 16:27:54  [Redipae] (main:) Chrome is Opened
2022-10-12 16:35:34  [Redipae] (main:) Chrome is Opened
2022-10-12 16:43:11  [Redipae] (main:) Chrome is Opened
2022-10-12 16:45:47  [Redipae] (main:) Chrome is Opened
2022-10-12 16:46:17  [Redipae] (main:) Chrome is Opened
2022-10-12 16:52:26  [Redipae] (main:) Chrome is Opened
2022-10-12 16:53:29  [Redipae] (main:) Chrome is Opened
2022-10-12 16:55:56  [Redipae] (main:) Chrome is Opened
2022-10-12 16:56:36  [Redipae] (main:) Chrome is Opened
2022-10-12 17:44:09  [Redipae] (main:) Chrome is Opened
2022-10-12 17:46:29  [Redipae] (main:) Chrome is Opened
2022-10-12 17:56:20  [Redipae] (main:) Chrome is Opened
2022-10-12 18:09:27  [Redipae] (main:) Chrome is Opened
2022-10-12 18:28:24  [Redipae] (main:) Chrome is Opened
2022-10-13 15:03:07  [Redipae] (main:) Chrome is Opened
2022-10-13 15:04:09  [Redipae] (main:) Chrome is Opened
2022-10-13 15:26:16  [Redipae] (main:) Chrome is Opened
2022-10-13 15:26:59  [Redipae] (main:) Chrome is Opened
2022-10-13 15:42:49  [Redipae] (main:) Chrome is Opened
2022-10-13 15:55:49  [Redipae] (main:) Chrome is Opened
2022-10-13 15:58:33  [Redipae] (main:) Chrome is Opened
2022-10-13 15:59:38  [Redipae] (main:) Chrome is Opened
2022-10-13 15:59:55  [Redipae] (main:) Chrome is Opened
2022-10-13 16:00:55  [Redipae] (main:) Chrome is Opened
2022-10-13 16:01:37  [Redipae] (main:) Chrome is Opened
2022-10-13 16:02:52  [Redipae] (main:) Chrome is Opened
2022-10-13 16:03:28  [Redipae] (main:) Chrome is Opened
2022-10-13 16:03:59  [Redipae] (main:) Chrome is Opened
2022-10-13 16:05:39  [Redipae] (main:) Chrome is Opened
2022-10-13 16:06:22  [Redipae] (main:) Chrome is Opened
2022-10-13 16:07:25  [Redipae] (main:) Chrome is Opened
2022-10-13 16:07:44  [Redipae] (main:) Chrome is Opened
2022-10-13 16:08:30  [Redipae] (main:) Chrome is Opened
2022-10-13 16:14:03  [Redipae] (main:) Chrome is Opened
2022-10-13 16:25:23  [Redipae] (main:) Chrome is Opened
2022-10-13 16:26:02  [Redipae] (main:) Chrome is Opened
2022-10-13 16:28:41  [Redipae] (main:) Chrome is Opened
2022-10-13 16:28:48  [Redipae] (main:) Chrome is Opened
2022-10-13 16:29:55  [Redipae] (main:) Chrome is Opened
2022-10-13 16:31:46  [Redipae] (main:) Chrome is Opened
2022-10-13 16:42:53  [Redipae] (main:) Chrome is Opened
2022-10-13 16:43:27  [Redipae] (main:) Chrome is Opened
2022-10-13 16:45:50  [Redipae] (main:) Chrome is Opened
2022-10-13 16:46:25  [Redipae] (main:) Chrome is Opened
2022-10-13 16:48:39  [Redipae] (main:) Chrome is Opened
2022-10-13 16:49:20  [Redipae] (main:) Chrome is Opened
2022-10-13 16:51:22  [Redipae] (main:) Chrome is Opened
2022-10-13 16:52:11  [Redipae] (main:) Chrome is Opened
2022-10-13 16:56:50  [Redipae] (main:) Chrome is Opened
2022-10-13 17:28:51  [Redipae] (main:) Chrome is Opened
2022-10-13 17:29:49  [Redipae] (main:) Chrome is Opened
2022-10-13 17:30:16  [Redipae] (main:) Chrome is Opened
2022-10-13 17:31:40  [Redipae] (main:) Chrome is Opened
2022-10-13 17:32:34  [Redipae] (main:) Chrome is Opened
2022-10-13 17:34:23  [Redipae] (main:) Chrome is Opened
2022-10-13 17:39:50  [Redipae] (main:) Chrome is Opened
2022-10-13 17:42:58  [Redipae] (main:) Chrome is Opened
2022-10-13 17:46:41  [Redipae] (main:) Chrome is Opened
2022-10-13 17:47:07  [Redipae] (main:) Chrome is Opened
2022-10-13 17:48:19  [Redipae] (main:) Chrome is Opened
2022-10-13 18:23:20  [Redipae] (main:) Chrome is Opened
2022-10-13 18:57:03  [Redipae] (main:) Chrome is Opened
2022-10-13 19:00:21  [Redipae] (main:) Chrome is Opened
2022-10-19 19:20:01  [Redipae] (main:) Chrome is Opened
2022-10-19 19:25:28  [Redipae] (main:) Chrome is Opened
2022-10-19 20:16:57  [Redipae] (main:) Chrome is Opened
2022-10-19 20:18:55  [Redipae] (main:) Chrome is Opened
2022-10-19 20:20:47  [Redipae] (main:) Chrome is Opened
2022-10-19 20:23:03  [Redipae] (main:) Chrome is Opened
2022-10-20 11:24:28  [Redipae] (main:) Chrome is Opened
2022-10-20 11:25:54  [Redipae] (main:) Chrome is Opened
2022-10-20 11:28:18  [Redipae] (main:) Chrome is Opened
2022-10-20 11:38:24  [Redipae] (main:) Chrome is Opened
2022-10-20 11:39:36  [Redipae] (main:) Chrome is Opened
2022-10-20 11:41:41  [Redipae] (main:) Chrome is Opened
2022-10-20 11:49:10  [Redipae] (main:) Chrome is Opened
2022-10-20 11:57:41  [Redipae] (main:) Chrome is Opened
2022-10-20 11:58:10  [Redipae] (main:) Chrome is Opened
2022-10-20 12:18:41  [Redipae] (main:) Chrome is Opened
2022-10-20 12:33:44  [Redipae] (main:) Chrome is Opened
2022-10-20 12:34:06  [Redipae] (main:) Chrome is Opened
2022-10-20 12:36:06  [Redipae] (main:) Chrome is Opened
2022-10-20 12:41:42  [Redipae] (main:) Chrome is Opened
2022-10-20 12:48:01  [Redipae] (main:) Chrome is Opened
2022-10-20 12:55:42  [Redipae] (main:) Chrome is Opened
2022-10-20 13:01:20  [Redipae] (main:) Chrome is Opened
2022-10-20 13:02:42  [Redipae] (main:) Chrome is Opened
2022-10-20 13:03:31  [Redipae] (main:) Chrome is Opened
2022-10-20 13:04:39  [Redipae] (main:) Chrome is Opened
2022-10-20 13:06:14  [Redipae] (main:) Chrome is Opened
2022-10-20 13:07:44  [Redipae] (main:) Chrome is Opened
2022-10-20 13:11:55  [Redipae] (main:) Chrome is Opened
2022-10-20 13:22:16  [Redipae] (main:) Chrome is Opened
2022-10-20 13:23:38  [Redipae] (main:) Chrome is Opened
2022-10-20 13:25:07  [Redipae] (main:) Chrome is Opened
2022-10-20 13:26:32  [Redipae] (main:) Chrome is Opened
2022-10-20 14:58:31  [Redipae] (main:) Chrome is Opened
2022-10-20 15:20:01  [Redipae] (main:) Chrome is Opened
2022-10-20 15:20:13  [OnboardingLogs] (main:) Filemanager Window is Opened
2022-10-20 15:20:14  [OnboardingLogs] (main:) Image path is Copied
2022-10-20 15:20:14  [OnboardingLogs] (main:) Image path is Pasted
2022-10-20 15:20:14  [OnboardingLogs] (main:) Image is Uploaded
2022-10-20 15:22:03  [Redipae] (main:) Chrome is Opened
2022-10-20 15:22:39  [OnboardingLogs] (main:) Filemanager Window is Opened
2022-10-20 15:22:40  [OnboardingLogs] (main:) Image path is Copied
2022-10-20 15:22:40  [OnboardingLogs] (main:) Image path is Pasted
2022-10-20 15:22:40  [OnboardingLogs] (main:) Image is Uploaded
2022-10-20 16:51:31  [Redipae] (main:) Chrome is Opened
2022-10-20 16:52:26  [Redipae] (main:) Chrome is Opened
2022-10-20 16:54:32  [Redipae] (main:) Chrome is Opened
2022-10-20 16:54:40  [OnboardingLogs] (main:) Filemanager Window is Opened
2022-10-20 16:54:40  [OnboardingLogs] (main:) Image path is Copied
2022-10-20 16:54:40  [OnboardingLogs] (main:) Image path is Pasted
2022-10-20 16:54:40  [OnboardingLogs] (main:) Image is Uploaded
2022-10-20 16:55:06  [Redipae] (main:) Chrome is Opened
2022-10-20 16:55:12  [OnboardingLogs] (main:) Filemanager Window is Opened
2022-10-20 16:55:13  [OnboardingLogs] (main:) Image path is Copied
2022-10-20 16:55:13  [OnboardingLogs] (main:) Image path is Pasted
2022-10-20 16:55:13  [OnboardingLogs] (main:) Image is Uploaded
2022-10-20 16:59:41  [Redipae] (main:) Chrome is Opened
2022-10-20 17:00:34  [Redipae] (main:) Chrome is Opened
2022-10-20 17:01:51  [Redipae] (main:) Chrome is Opened
2022-10-20 17:02:01  [OnboardingLogs] (main:) Filemanager Window is Opened
2022-10-20 17:02:02  [OnboardingLogs] (main:) Image path is Copied
2022-10-20 17:02:02  [OnboardingLogs] (main:) Image path is Pasted
2022-10-20 17:02:02  [OnboardingLogs] (main:) Image is Uploaded
2022-10-20 17:03:17  [Redipae] (main:) Chrome is Opened
2022-10-20 17:11:37  [OnboardingLogs] (main:) Filemanager Window is Opened
2022-10-20 17:11:38  [OnboardingLogs] (main:) Image path is Copied
2022-10-20 17:11:38  [OnboardingLogs] (main:) Image path is Pasted
2022-10-20 17:11:38  [OnboardingLogs] (main:) Image is Uploaded
2022-10-20 17:59:27  [Redipae] (main:) Chrome is Opened
2022-10-20 17:59:36  [OnboardingLogs] (main:) Filemanager Window is Opened
2022-10-20 17:59:37  [OnboardingLogs] (main:) Image path is Copied
2022-10-20 17:59:37  [OnboardingLogs] (main:) Image path is Pasted
2022-10-20 17:59:37  [OnboardingLogs] (main:) Image is Uploaded
2022-10-20 18:02:10  [Redipae] (main:) Chrome is Opened
2022-10-20 18:02:18  [OnboardingLogs] (main:) Filemanager Window is Opened
2022-10-20 18:02:18  [OnboardingLogs] (main:) Image path is Copied
2022-10-20 18:02:18  [OnboardingLogs] (main:) Image path is Pasted
2022-10-20 18:02:18  [OnboardingLogs] (main:) Image is Uploaded
2022-10-20 18:03:42  [Redipae] (main:) Chrome is Opened
2022-10-20 18:03:50  [OnboardingLogs] (main:) Filemanager Window is Opened
2022-10-20 18:03:51  [OnboardingLogs] (main:) Image path is Copied
2022-10-20 18:03:51  [OnboardingLogs] (main:) Image path is Pasted
2022-10-20 18:03:51  [OnboardingLogs] (main:) Image is Uploaded
2022-10-20 18:04:33  [Redipae] (main:) Chrome is Opened
2022-10-20 18:04:45  [OnboardingLogs] (main:) Filemanager Window is Opened
2022-10-20 18:04:46  [OnboardingLogs] (main:) Image path is Copied
2022-10-20 18:04:46  [OnboardingLogs] (main:) Image path is Pasted
2022-10-20 18:04:46  [OnboardingLogs] (main:) Image is Uploaded
2022-10-20 18:06:02  [Redipae] (main:) Chrome is Opened
2022-10-20 18:06:10  [OnboardingLogs] (main:) Filemanager Window is Opened
2022-10-20 18:06:10  [OnboardingLogs] (main:) Image path is Copied
2022-10-20 18:06:10  [OnboardingLogs] (main:) Image path is Pasted
2022-10-20 18:06:11  [OnboardingLogs] (main:) Image is Uploaded
2022-10-20 18:10:46  [Redipae] (main:) Chrome is Opened
2022-10-20 18:11:28  [Redipae] (main:) Chrome is Opened
2022-10-20 18:12:52  [Redipae] (main:) Chrome is Opened
2022-10-20 18:14:34  [Redipae] (main:) Chrome is Opened
2022-10-20 18:18:27  [Redipae] (main:) Chrome is Opened
2022-10-20 18:19:26  [Redipae] (main:) Chrome is Opened
2022-10-20 18:32:58  [Redipae] (main:) Chrome is Opened
2022-10-20 18:41:05  [Redipae] (main:) Chrome is Opened
2022-10-20 18:43:13  [Redipae] (main:) Chrome is Opened
2022-10-20 18:44:03  [Redipae] (main:) Chrome is Opened
2022-10-20 18:45:15  [Redipae] (main:) Chrome is Opened
2022-10-20 18:45:43  [Redipae] (main:) Chrome is Opened
2022-10-20 18:46:12  [Redipae] (main:) Chrome is Opened
2022-10-20 18:47:38  [Redipae] (main:) Chrome is Opened
2022-10-20 18:47:52  [Redipae] (main:) Chrome is Opened
2022-10-21 10:24:31  [Redipae] (main:) Chrome is Opened
2022-10-21 10:25:10  [Redipae] (main:) Chrome is Opened
2022-10-21 10:43:28  [Redipae] (main:) Chrome is Opened
2022-10-21 10:44:46  [Redipae] (main:) Chrome is Opened
2022-10-21 10:45:17  [Redipae] (main:) Chrome is Opened
2022-10-21 10:47:02  [Redipae] (main:) Chrome is Opened
2022-10-21 10:51:20  [Redipae] (main:) Chrome is Opened
2022-10-21 11:03:25  [Redipae] (main:) Chrome is Opened
2022-10-21 11:04:14  [Redipae] (main:) Chrome is Opened
2022-10-21 11:05:15  [Redipae] (main:) Chrome is Opened
2022-10-21 11:06:13  [Redipae] (main:) Chrome is Opened
2022-10-21 11:07:54  [Redipae] (main:) Chrome is Opened
2022-10-21 12:39:41  [Redipae] (main:) Chrome is Opened
2022-10-21 12:40:51  [Redipae] (main:) Chrome is Opened
2022-10-21 12:41:53  [Redipae] (main:) Chrome is Opened
2022-10-21 12:48:35  [Redipae] (main:) Chrome is Opened
2022-10-21 12:51:48  [Redipae] (main:) Chrome is Opened
2022-10-21 12:52:24  [Redipae] (main:) Chrome is Opened
2022-10-21 12:54:06  [Redipae] (main:) Chrome is Opened
2022-10-21 12:58:34  [Redipae] (main:) Chrome is Opened
2022-10-21 12:59:15  [Redipae] (main:) Chrome is Opened
2022-10-21 12:59:56  [Redipae] (main:) Chrome is Opened
2022-10-21 18:27:06  [Redipae] (main:) Chrome is Opened
2022-10-21 18:28:05  [Redipae] (main:) Chrome is Opened
2022-10-21 18:30:33  [Redipae] (main:) Chrome is Opened
2022-10-21 18:31:41  [Redipae] (main:) Chrome is Opened
2022-10-21 18:46:05  [Redipae] (main:) Chrome is Opened
2022-10-21 18:46:52  [Redipae] (main:) Chrome is Opened
2022-10-21 18:53:45  [Redipae] (main:) Chrome is Opened
2022-10-21 18:54:29  [Redipae] (main:) Chrome is Opened
2022-10-21 19:03:33  [Redipae] (main:) Chrome is Opened
2022-10-21 19:03:48  [Redipae] (main:) Chrome is Opened
